<?xml version="1.0" encoding="UTF-8"?>
<!-- Generated by org.testng.reporters.JUnitReportReporter -->
<testsuite skipped="0" hostname="DESKTOP-OM13QHJ" name="day6.NewTest" tests="4" failures="0" timestamp="22 Aug 2020 17:40:23 GMT" time="105.969" errors="0">
  <testcase name="login" time="21.686" classname="day6.NewTest"/>
  <testcase name="login" time="26.648" classname="day6.NewTest"/>
  <testcase name="login" time="34.019" classname="day6.NewTest"/>
  <testcase name="login" time="23.616" classname="day6.NewTest"/>
</testsuite> <!-- day6.NewTest -->
