<?xml version="1.0" encoding="UTF-8"?>
<!-- Generated by org.testng.reporters.JUnitReportReporter -->
<testsuite skipped="1" hostname="DESKTOP-OM13QHJ" name="tasks.ChangePassword" tests="3" failures="0" timestamp="24 Aug 2020 11:48:55 GMT" time="53.140" errors="0">
  <testcase name="verifyWithNewPassWord" time="21.413" classname="tasks.ChangePassword"/>
  <testcase name="verifyMiniStatement" time="31.727" classname="tasks.ChangePassword"/>
  <testcase name="changePassWord" classname="tasks.ChangePassword">
    <skipped/>
  </testcase> <!-- changePassWord -->
</testsuite> <!-- tasks.ChangePassword -->
