<?xml version="1.0" encoding="UTF-8"?>
<!-- Generated by org.testng.reporters.JUnitReportReporter -->
<testsuite skipped="0" hostname="DESKTOP-OM13QHJ" name="day4.NewTest" tests="4" failures="0" timestamp="21 Aug 2020 05:59:50 GMT" time="91.001" errors="0">
  <testcase name="login" time="26.214" classname="day4.NewTest"/>
  <testcase name="login" time="20.503" classname="day4.NewTest"/>
  <testcase name="login" time="23.517" classname="day4.NewTest"/>
  <testcase name="login" time="20.767" classname="day4.NewTest"/>
</testsuite> <!-- day4.NewTest -->
