<?xml version="1.0" encoding="UTF-8"?>
<!-- Generated by org.testng.reporters.JUnitReportReporter -->
<testsuite skipped="0" hostname="DESKTOP-OM13QHJ" name="seleniumTasks.Print_AllOptions" tests="1" failures="0" timestamp="30 Aug 2020 13:59:50 GMT" time="12.822" errors="0">
  <testcase name="print_All_Options" time="12.822" classname="seleniumTasks.Print_AllOptions"/>
</testsuite> <!-- seleniumTasks.Print_AllOptions -->
